<?xml version="1.0" encoding="utf-8"?><testsuites name="pytest tests"><testsuite name="pytest" errors="0" failures="0" skipped="0" tests="22" time="3.832" timestamp="2026-09-15T08:38:53.080963+00:00" hostname="agent-env-81679327-d779-4f2c-b5f9-0e5d6b780853"><testcase classname="tests.test_office_api" name="test_health_root" time="0.158" /><testcase classname="tests.test_office_api" name="test_dashboard_shape" time="0.042" /><testcase classname="tests.test_office_api" name="test_seed_clients_exist" time="0.055" /><testcase classname="tests.test_iter3" name="test_receipt_disbursement_charge_allowed" time="0.461" /><testcase classname="tests.test_office_api" name="test_seed_employees_exist" time="0.096" /><testcase classname="tests.test_office_api" name="test_clients_filter_service" time="0.140" /><testcase classname="tests.test_office_api" name="test_clients_search_query" time="0.052" /><testcase classname="tests.test_iter3" name="test_kind_payment_rejected_422" time="0.198" /><testcase classname="tests.test_office_api" name="test_client_crud_and_persistence" time="0.649" /><testcase classname="tests.test_iter3" name="test_client_balance_signs" time="0.359" /><testcase classname="tests.test_iter3" name="test_employee_balance_signs" time="0.368" /><testcase classname="tests.test_office_api" name="test_employee_crud_and_persistence" time="0.439" /><testcase classname="tests.test_iter3" name="test_update_transaction_fields" time="0.279" /><testcase classname="tests.test_office_api" name="test_transactions_balance_math" time="0.457" /><testcase classname="tests.test_iter3" name="test_update_transaction_404" time="0.039" /><testcase classname="tests.test_iter3" name="test_archive_hides_and_appears_in_archived" time="0.514" /><testcase classname="tests.test_office_api" name="test_settings_get_and_update" time="0.208" /><testcase classname="tests.test_iter3" name="test_delete_transaction_hard_delete" time="0.429" /><testcase classname="tests.test_office_api" name="test_backup_dump" time="0.052" /><testcase classname="tests.test_iter3" name="test_seed_history_covers_6_distinct_months" time="0.627" /><testcase classname="tests.test_iter3" name="test_seed_history_no_payment_kind" time="0.136" /><testcase classname="tests.test_iter3" name="test_dashboard_revenue_from_client_receipts" time="0.075" /></testsuite></testsuites>