<?xml version="1.0" encoding="utf-8"?><testsuites name="pytest tests"><testsuite name="pytest" errors="0" failures="0" skipped="0" tests="11" time="3.082" timestamp="2026-09-15T07:49:07.906980+00:00" hostname="agent-env-81679327-d779-4f2c-b5f9-0e5d6b780853"><testcase classname="tests.test_office_api" name="test_health_root" time="0.262" /><testcase classname="tests.test_office_api" name="test_dashboard_shape" time="0.081" /><testcase classname="tests.test_office_api" name="test_seed_clients_exist" time="0.036" /><testcase classname="tests.test_office_api" name="test_seed_employees_exist" time="0.076" /><testcase classname="tests.test_office_api" name="test_clients_filter_service" time="0.150" /><testcase classname="tests.test_office_api" name="test_clients_search_query" time="0.033" /><testcase classname="tests.test_office_api" name="test_client_crud_and_persistence" time="0.843" /><testcase classname="tests.test_office_api" name="test_employee_crud_and_persistence" time="0.496" /><testcase classname="tests.test_office_api" name="test_transactions_balance_math" time="0.499" /><testcase classname="tests.test_office_api" name="test_settings_get_and_update" time="0.224" /><testcase classname="tests.test_office_api" name="test_backup_dump" time="0.039" /></testsuite></testsuites>