<?xml version="1.0" encoding="utf-8"?><testsuites name="pytest tests"><testsuite name="pytest" errors="0" failures="0" skipped="0" tests="8" time="1.684" timestamp="2026-09-15T08:17:27.109228+00:00" hostname="agent-env-81679327-d779-4f2c-b5f9-0e5d6b780853"><testcase classname="tests.test_renew.TestDashboardExpiring" name="test_expiring_contains_new_client_and_removed_after_renew" time="0.535" /><testcase classname="tests.test_renew.TestRenew" name="test_renew_12_months_from_current_end" time="0.487" /><testcase classname="tests.test_renew.TestDashboardExpiring" name="test_response_shape" time="0.048" /><testcase classname="tests.test_renew.TestRenew" name="test_renew_6_months_when_expired_starts_today" time="0.231" /><testcase classname="tests.test_renew.TestRenew" name="test_renew_persists_via_get" time="0.226" /><testcase classname="tests.test_renew.TestRenew" name="test_renew_404_for_unknown_id" time="0.058" /><testcase classname="tests.test_renew.TestRenew" name="test_renew_422_for_zero_months" time="0.165" /><testcase classname="tests.test_renew.TestRenew" name="test_renew_422_for_over_60_months" time="0.184" /></testsuite></testsuites>